#! /usr/bin/vvp
:ivl_version "10.3 (stable)";
:ivl_delay_selection "TYPICAL";
:vpi_time_precision - 12;
:vpi_module "system";
:vpi_module "vhdl_sys";
:vpi_module "v2005_math";
:vpi_module "va_math";
:vpi_module "v2009";
S_0x55bbc7a847b0 .scope module, "calc_insert" "calc_insert" 2 64;
 .timescale -9 -12;
    .port_info 0 /INPUT 32 "test_point"
    .port_info 1 /INPUT 32 "data_point"
    .port_info 2 /INPUT 8 "label"
    .port_info 3 /INPUT 1 "clk"
    .port_info 4 /INPUT 1 "rst"
    .port_info 5 /INPUT 1 "enable"
    .port_info 6 /INPUT 1 "en_dist"
    .port_info 7 /INPUT 1 "en_nb"
    .port_info 8 /INPUT 1 "start_cnt"
    .port_info 9 /INPUT 1 "inc_cnt"
    .port_info 10 /OUTPUT 1 "insert"
    .port_info 11 /OUTPUT 128 "nb_list"
    .port_info 12 /OUTPUT 1 "cnt_flag"
P_0x55bbc7a84930 .param/l "C" 0 2 71, +C4<00000000000000000000000000001000>;
P_0x55bbc7a84970 .param/l "DATA_W" 0 2 66, +C4<00000000000000000000000000100000>;
P_0x55bbc7a849b0 .param/l "K" 0 2 67, +C4<00000000000000000000000000000100>;
P_0x55bbc7a849f0 .param/l "N" 0 2 69, +C4<00000000000000000000000000001010>;
P_0x55bbc7a84a30 .param/l "S" 0 2 68, +C4<00000000000000000000000000010000>;
P_0x55bbc7a84a70 .param/l "data_info" 0 2 70, +C4<00000000000000000000000000101000>;
L_0x55bbc7a850d0 .functor BUFZ 1, v0x55bbc7aad380_0, C4<0>, C4<0>, C4<0>;
o0x7ff1ec3a0378 .functor BUFZ 1, C4<z>; HiZ drive
v0x55bbc7aad100_0 .net "clk", 0 0, o0x7ff1ec3a0378;  0 drivers
v0x55bbc7aad1e0_0 .var "cnt", 15 0;
v0x55bbc7aad2c0_0 .net "cnt_flag", 0 0, L_0x55bbc7a850d0;  1 drivers
v0x55bbc7aad380_0 .var "cnt_flag_aux", 0 0;
o0x7ff1ec3a0258 .functor BUFZ 32, C4<zzzzzzzzzzzzzzzzzzzzzzzzzzzzzzzz>; HiZ drive
v0x55bbc7aad460_0 .net "data_point", 31 0, o0x7ff1ec3a0258;  0 drivers
L_0x7ff1ec357018 .functor BUFT 1, C4<00000000000000000000000000000000>, C4<0>, C4<0>, C4<0>;
v0x55bbc7aad570_0 .net "dist_in", 31 0, L_0x7ff1ec357018;  1 drivers
v0x55bbc7aad640_0 .var "dist_out", 31 0;
o0x7ff1ec3a0438 .functor BUFZ 1, C4<z>; HiZ drive
v0x55bbc7aad710_0 .net "en_dist", 0 0, o0x7ff1ec3a0438;  0 drivers
o0x7ff1ec3a0468 .functor BUFZ 1, C4<z>; HiZ drive
v0x55bbc7aad7d0_0 .net "en_nb", 0 0, o0x7ff1ec3a0468;  0 drivers
o0x7ff1ec3a0498 .functor BUFZ 1, C4<z>; HiZ drive
v0x55bbc7aad8b0_0 .net "enable", 0 0, o0x7ff1ec3a0498;  0 drivers
v0x55bbc7aad990_0 .var/i "i", 31 0;
o0x7ff1ec3a04f8 .functor BUFZ 1, C4<z>; HiZ drive
v0x55bbc7aada70_0 .net "inc_cnt", 0 0, o0x7ff1ec3a04f8;  0 drivers
v0x55bbc7aadb50_0 .net "insert", 0 0, L_0x55bbc7a497a0;  1 drivers
v0x55bbc7aadc40_0 .var/i "j", 31 0;
o0x7ff1ec3a0558 .functor BUFZ 8, C4<zzzzzzzz>; HiZ drive
v0x55bbc7aadd00_0 .net "label", 7 0, o0x7ff1ec3a0558;  0 drivers
v0x55bbc7aadde0_0 .net "nb_list", 127 0, L_0x55bbc7aae710;  1 drivers
v0x55bbc7aadec0_0 .var "nb_list_aux", 159 0;
v0x55bbc7aae0b0 .array "nbregin", 0 3, 39 0;
v0x55bbc7aae170 .array "nbregout", 0 3, 39 0;
o0x7ff1ec3a06a8 .functor BUFZ 1, C4<z>; HiZ drive
v0x55bbc7aae2e0_0 .net "rst", 0 0, o0x7ff1ec3a06a8;  0 drivers
o0x7ff1ec3a06d8 .functor BUFZ 1, C4<z>; HiZ drive
v0x55bbc7aae3c0_0 .net "start_cnt", 0 0, o0x7ff1ec3a06d8;  0 drivers
o0x7ff1ec3a02b8 .functor BUFZ 32, C4<zzzzzzzzzzzzzzzzzzzzzzzzzzzzzzzz>; HiZ drive
v0x55bbc7aae4a0_0 .net "test_point", 31 0, o0x7ff1ec3a02b8;  0 drivers
v0x55bbc7aae170_0 .array/port v0x55bbc7aae170, 0;
v0x55bbc7aae170_1 .array/port v0x55bbc7aae170, 1;
E_0x55bbc7a7fa30/0 .event edge, v0x55bbc7aadc40_0, v0x55bbc7aadec0_0, v0x55bbc7aae170_0, v0x55bbc7aae170_1;
v0x55bbc7aae170_2 .array/port v0x55bbc7aae170, 2;
v0x55bbc7aae170_3 .array/port v0x55bbc7aae170, 3;
E_0x55bbc7a7fa30/1 .event edge, v0x55bbc7aae170_2, v0x55bbc7aae170_3, v0x55bbc7aad7d0_0, v0x55bbc7aad990_0;
E_0x55bbc7a7fa30/2 .event edge, v0x55bbc7aad1e0_0, v0x55bbc7a76960_0, v0x55bbc7aadd00_0;
E_0x55bbc7a7fa30 .event/or E_0x55bbc7a7fa30/0, E_0x55bbc7a7fa30/1, E_0x55bbc7a7fa30/2;
L_0x55bbc7aae710 .part v0x55bbc7aadec0_0, 0, 128;
L_0x55bbc7abe920 .array/port v0x55bbc7aae170, v0x55bbc7aad1e0_0;
S_0x55bbc7a823d0 .scope module, "comp" "comparator" 2 121, 2 42 0, S_0x55bbc7a847b0;
 .timescale -9 -12;
    .port_info 0 /INPUT 32 "A"
    .port_info 1 /INPUT 40 "B"
    .port_info 2 /OUTPUT 1 "C"
P_0x55bbc7a49280 .param/l "DATA_W" 0 2 44, +C4<00000000000000000000000000100000>;
P_0x55bbc7a492c0 .param/l "K" 0 2 45, +C4<00000000000000000000000000000100>;
P_0x55bbc7a49300 .param/l "N" 0 2 47, +C4<00000000000000000000000000001010>;
P_0x55bbc7a49340 .param/l "S" 0 2 46, +C4<00000000000000000000000000010000>;
P_0x55bbc7a49380 .param/l "data_info" 0 2 48, +C4<00000000000000000000000000101000>;
L_0x55bbc7a497a0 .functor BUFZ 1, v0x55bbc7a72fd0_0, C4<0>, C4<0>, C4<0>;
v0x55bbc7a76960_0 .net "A", 31 0, v0x55bbc7aad640_0;  1 drivers
v0x55bbc7a772e0_0 .net "B", 39 0, L_0x55bbc7abe920;  1 drivers
v0x55bbc7a73840_0 .net "C", 0 0, L_0x55bbc7a497a0;  alias, 1 drivers
v0x55bbc7a72fd0_0 .var "aux", 0 0;
E_0x55bbc7a801d0 .event edge, v0x55bbc7a76960_0, v0x55bbc7a772e0_0;
S_0x55bbc7aab850 .scope module, "dists" "calc_distances" 2 120, 2 5 0, S_0x55bbc7a847b0;
 .timescale -9 -12;
    .port_info 0 /INPUT 32 "test_point"
    .port_info 1 /INPUT 32 "data_point"
    .port_info 2 /OUTPUT 32 "old"
P_0x55bbc7aaba20 .param/l "DATA_W" 0 2 7, +C4<00000000000000000000000000100000>;
P_0x55bbc7aaba60 .param/l "K" 0 2 8, +C4<00000000000000000000000000000100>;
P_0x55bbc7aabaa0 .param/l "N" 0 2 10, +C4<00000000000000000000000000001010>;
P_0x55bbc7aabae0 .param/l "S" 0 2 9, +C4<00000000000000000000000000010000>;
P_0x55bbc7aabb20 .param/l "data_info" 0 2 11, +C4<00000000000000000000000000101000>;
v0x55bbc7a72760_0 .var "D", 31 0;
v0x55bbc7aabed0_0 .var/s "X", 15 0;
v0x55bbc7aabfb0_0 .var/s "X2", 31 0;
v0x55bbc7aac0a0_0 .var/s "Y", 15 0;
v0x55bbc7aac180_0 .var/s "Y2", 31 0;
v0x55bbc7aac2b0_0 .net "data_point", 31 0, o0x7ff1ec3a0258;  alias, 0 drivers
v0x55bbc7aac390_0 .net "old", 31 0, L_0x7ff1ec357018;  alias, 1 drivers
v0x55bbc7aac470_0 .net "test_point", 31 0, o0x7ff1ec3a02b8;  alias, 0 drivers
E_0x55bbc7a7ee20/0 .event edge, v0x55bbc7aac470_0, v0x55bbc7aac2b0_0, v0x55bbc7aabed0_0, v0x55bbc7aac0a0_0;
E_0x55bbc7a7ee20/1 .event edge, v0x55bbc7aabfb0_0, v0x55bbc7aac180_0;
E_0x55bbc7a7ee20 .event/or E_0x55bbc7a7ee20/0, E_0x55bbc7a7ee20/1;
S_0x55bbc7aac5d0 .scope generate, "genblk1[0]" "genblk1[0]" 2 110, 2 110 0, S_0x55bbc7a847b0;
 .timescale -9 -12;
P_0x55bbc7aac7a0 .param/l "a" 0 2 110, +C4<00>;
E_0x55bbc7a7f2e0 .event posedge, v0x55bbc7aad100_0;
S_0x55bbc7aac880 .scope generate, "genblk1[1]" "genblk1[1]" 2 110, 2 110 0, S_0x55bbc7a847b0;
 .timescale -9 -12;
P_0x55bbc7aaca70 .param/l "a" 0 2 110, +C4<01>;
S_0x55bbc7aacb50 .scope generate, "genblk1[2]" "genblk1[2]" 2 110, 2 110 0, S_0x55bbc7a847b0;
 .timescale -9 -12;
P_0x55bbc7aacd70 .param/l "a" 0 2 110, +C4<010>;
S_0x55bbc7aace50 .scope generate, "genblk1[3]" "genblk1[3]" 2 110, 2 110 0, S_0x55bbc7a847b0;
 .timescale -9 -12;
P_0x55bbc7aad020 .param/l "a" 0 2 110, +C4<011>;
    .scope S_0x55bbc7aac5d0;
T_0 ;
    %wait E_0x55bbc7a7f2e0;
    %load/vec4 v0x55bbc7aae2e0_0;
    %flag_set/vec4 8;
    %jmp/0xz  T_0.0, 8;
    %pushi/vec4 4294967295, 0, 32;
    %concati/vec4 255, 0, 8;
    %ix/load 3, 0, 0;
    %flag_set/imm 4, 0;
    %ix/load 4, 0, 0; Constant delay
    %assign/vec4/a/d v0x55bbc7aae170, 0, 4;
    %jmp T_0.1;
T_0.0 ;
    %load/vec4 v0x55bbc7aad7d0_0;
    %flag_set/vec4 8;
    %jmp/0xz  T_0.2, 8;
    %ix/load 4, 0, 0;
    %flag_set/imm 4, 0;
    %load/vec4a v0x55bbc7aae0b0, 4;
    %ix/load 3, 0, 0;
    %flag_set/imm 4, 0;
    %ix/load 4, 0, 0; Constant delay
    %assign/vec4/a/d v0x55bbc7aae170, 0, 4;
T_0.2 ;
T_0.1 ;
    %jmp T_0;
    .thread T_0;
    .scope S_0x55bbc7aac880;
T_1 ;
    %wait E_0x55bbc7a7f2e0;
    %load/vec4 v0x55bbc7aae2e0_0;
    %flag_set/vec4 8;
    %jmp/0xz  T_1.0, 8;
    %pushi/vec4 4294967295, 0, 32;
    %concati/vec4 255, 0, 8;
    %ix/load 3, 1, 0;
    %flag_set/imm 4, 0;
    %ix/load 4, 0, 0; Constant delay
    %assign/vec4/a/d v0x55bbc7aae170, 0, 4;
    %jmp T_1.1;
T_1.0 ;
    %load/vec4 v0x55bbc7aad7d0_0;
    %flag_set/vec4 8;
    %jmp/0xz  T_1.2, 8;
    %ix/load 4, 1, 0;
    %flag_set/imm 4, 0;
    %load/vec4a v0x55bbc7aae0b0, 4;
    %ix/load 3, 1, 0;
    %flag_set/imm 4, 0;
    %ix/load 4, 0, 0; Constant delay
    %assign/vec4/a/d v0x55bbc7aae170, 0, 4;
T_1.2 ;
T_1.1 ;
    %jmp T_1;
    .thread T_1;
    .scope S_0x55bbc7aacb50;
T_2 ;
    %wait E_0x55bbc7a7f2e0;
    %load/vec4 v0x55bbc7aae2e0_0;
    %flag_set/vec4 8;
    %jmp/0xz  T_2.0, 8;
    %pushi/vec4 4294967295, 0, 32;
    %concati/vec4 255, 0, 8;
    %ix/load 3, 2, 0;
    %flag_set/imm 4, 0;
    %ix/load 4, 0, 0; Constant delay
    %assign/vec4/a/d v0x55bbc7aae170, 0, 4;
    %jmp T_2.1;
T_2.0 ;
    %load/vec4 v0x55bbc7aad7d0_0;
    %flag_set/vec4 8;
    %jmp/0xz  T_2.2, 8;
    %ix/load 4, 2, 0;
    %flag_set/imm 4, 0;
    %load/vec4a v0x55bbc7aae0b0, 4;
    %ix/load 3, 2, 0;
    %flag_set/imm 4, 0;
    %ix/load 4, 0, 0; Constant delay
    %assign/vec4/a/d v0x55bbc7aae170, 0, 4;
T_2.2 ;
T_2.1 ;
    %jmp T_2;
    .thread T_2;
    .scope S_0x55bbc7aace50;
T_3 ;
    %wait E_0x55bbc7a7f2e0;
    %load/vec4 v0x55bbc7aae2e0_0;
    %flag_set/vec4 8;
    %jmp/0xz  T_3.0, 8;
    %pushi/vec4 4294967295, 0, 32;
    %concati/vec4 255, 0, 8;
    %ix/load 3, 3, 0;
    %flag_set/imm 4, 0;
    %ix/load 4, 0, 0; Constant delay
    %assign/vec4/a/d v0x55bbc7aae170, 0, 4;
    %jmp T_3.1;
T_3.0 ;
    %load/vec4 v0x55bbc7aad7d0_0;
    %flag_set/vec4 8;
    %jmp/0xz  T_3.2, 8;
    %ix/load 4, 3, 0;
    %flag_set/imm 4, 0;
    %load/vec4a v0x55bbc7aae0b0, 4;
    %ix/load 3, 3, 0;
    %flag_set/imm 4, 0;
    %ix/load 4, 0, 0; Constant delay
    %assign/vec4/a/d v0x55bbc7aae170, 0, 4;
T_3.2 ;
T_3.1 ;
    %jmp T_3;
    .thread T_3;
    .scope S_0x55bbc7aab850;
T_4 ;
    %wait E_0x55bbc7a7ee20;
    %load/vec4 v0x55bbc7aac470_0;
    %parti/s 16, 16, 6;
    %load/vec4 v0x55bbc7aac2b0_0;
    %parti/s 16, 16, 6;
    %sub;
    %store/vec4 v0x55bbc7aabed0_0, 0, 16;
    %load/vec4 v0x55bbc7aabed0_0;
    %pad/s 32;
    %load/vec4 v0x55bbc7aabed0_0;
    %pad/s 32;
    %mul;
    %store/vec4 v0x55bbc7aabfb0_0, 0, 32;
    %load/vec4 v0x55bbc7aac470_0;
    %parti/s 16, 0, 2;
    %load/vec4 v0x55bbc7aac2b0_0;
    %parti/s 16, 0, 2;
    %sub;
    %store/vec4 v0x55bbc7aac0a0_0, 0, 16;
    %load/vec4 v0x55bbc7aac0a0_0;
    %pad/s 32;
    %load/vec4 v0x55bbc7aac0a0_0;
    %pad/s 32;
    %mul;
    %store/vec4 v0x55bbc7aac180_0, 0, 32;
    %load/vec4 v0x55bbc7aabfb0_0;
    %load/vec4 v0x55bbc7aac180_0;
    %add;
    %store/vec4 v0x55bbc7a72760_0, 0, 32;
    %jmp T_4;
    .thread T_4, $push;
    .scope S_0x55bbc7a823d0;
T_5 ;
    %wait E_0x55bbc7a801d0;
    %load/vec4 v0x55bbc7a76960_0;
    %load/vec4 v0x55bbc7a772e0_0;
    %parti/s 32, 8, 5;
    %cmp/u;
    %flag_mov 8, 5;
    %jmp/0 T_5.0, 8;
    %pushi/vec4 1, 0, 2;
    %jmp/1 T_5.1, 8;
T_5.0 ; End of true expr.
    %pushi/vec4 0, 0, 2;
    %jmp/0 T_5.1, 8;
 ; End of false expr.
    %blend;
T_5.1;
    %pad/s 1;
    %store/vec4 v0x55bbc7a72fd0_0, 0, 1;
    %jmp T_5;
    .thread T_5, $push;
    .scope S_0x55bbc7a847b0;
T_6 ;
    %wait E_0x55bbc7a7f2e0;
    %load/vec4 v0x55bbc7aae2e0_0;
    %flag_set/vec4 8;
    %jmp/0xz  T_6.0, 8;
    %pushi/vec4 0, 0, 32;
    %assign/vec4 v0x55bbc7aad640_0, 0;
    %jmp T_6.1;
T_6.0 ;
    %load/vec4 v0x55bbc7aad710_0;
    %flag_set/vec4 8;
    %jmp/0xz  T_6.2, 8;
    %load/vec4 v0x55bbc7aad570_0;
    %assign/vec4 v0x55bbc7aad640_0, 0;
T_6.2 ;
T_6.1 ;
    %jmp T_6;
    .thread T_6;
    .scope S_0x55bbc7a847b0;
T_7 ;
    %wait E_0x55bbc7a7f2e0;
    %load/vec4 v0x55bbc7aae3c0_0;
    %flag_set/vec4 8;
    %jmp/0xz  T_7.0, 8;
    %pushi/vec4 0, 0, 16;
    %assign/vec4 v0x55bbc7aad1e0_0, 0;
    %jmp T_7.1;
T_7.0 ;
    %load/vec4 v0x55bbc7aada70_0;
    %pad/u 32;
    %pushi/vec4 1, 0, 32;
    %cmp/e;
    %flag_get/vec4 4;
    %load/vec4 v0x55bbc7aad1e0_0;
    %pad/u 32;
    %pushi/vec4 3, 0, 32;
    %cmp/e;
    %flag_get/vec4 4;
    %inv;
    %and;
    %flag_set/vec4 8;
    %jmp/0xz  T_7.2, 8;
    %load/vec4 v0x55bbc7aad1e0_0;
    %addi 1, 0, 16;
    %assign/vec4 v0x55bbc7aad1e0_0, 0;
T_7.2 ;
T_7.1 ;
    %jmp T_7;
    .thread T_7;
    .scope S_0x55bbc7a847b0;
T_8 ;
    %wait E_0x55bbc7a7fa30;
    %pushi/vec4 0, 0, 32;
    %store/vec4 v0x55bbc7aadc40_0, 0, 32;
T_8.0 ;
    %load/vec4 v0x55bbc7aadc40_0;
    %cmpi/s 4, 0, 32;
    %jmp/0xz T_8.1, 5;
    %load/vec4 v0x55bbc7aadec0_0;
    %ix/getv/s 4, v0x55bbc7aadc40_0;
    %load/vec4a v0x55bbc7aae170, 4;
    %concat/vec4; draw_concat_vec4
    %pad/u 160;
    %store/vec4 v0x55bbc7aadec0_0, 0, 160;
    %load/vec4 v0x55bbc7aadc40_0;
    %addi 1, 0, 32;
    %store/vec4 v0x55bbc7aadc40_0, 0, 32;
    %jmp T_8.0;
T_8.1 ;
    %load/vec4 v0x55bbc7aad7d0_0;
    %pad/u 32;
    %cmpi/e 1, 0, 32;
    %jmp/0xz  T_8.2, 4;
    %pushi/vec4 3, 0, 32;
    %store/vec4 v0x55bbc7aad990_0, 0, 32;
T_8.4 ;
    %load/vec4 v0x55bbc7aad1e0_0;
    %pad/u 32;
    %load/vec4 v0x55bbc7aad990_0;
    %cmp/u;
    %jmp/0xz T_8.5, 5;
    %load/vec4 v0x55bbc7aad990_0;
    %pad/s 33;
    %subi 1, 0, 33;
    %ix/vec4/s 4;
    %load/vec4a v0x55bbc7aae170, 4;
    %ix/getv/s 4, v0x55bbc7aad990_0;
    %store/vec4a v0x55bbc7aae0b0, 4, 0;
    %load/vec4 v0x55bbc7aad640_0;
    %load/vec4 v0x55bbc7aadd00_0;
    %concat/vec4; draw_concat_vec4
    %ix/getv 4, v0x55bbc7aad1e0_0;
    %store/vec4a v0x55bbc7aae0b0, 4, 0;
    %load/vec4 v0x55bbc7aad990_0;
    %subi 1, 0, 32;
    %store/vec4 v0x55bbc7aad990_0, 0, 32;
    %jmp T_8.4;
T_8.5 ;
T_8.2 ;
    %load/vec4 v0x55bbc7aad1e0_0;
    %pad/u 32;
    %cmpi/e 3, 0, 32;
    %jmp/0xz  T_8.6, 4;
    %pushi/vec4 1, 0, 1;
    %store/vec4 v0x55bbc7aad380_0, 0, 1;
    %jmp T_8.7;
T_8.6 ;
    %pushi/vec4 0, 0, 1;
    %store/vec4 v0x55bbc7aad380_0, 0, 1;
T_8.7 ;
    %jmp T_8;
    .thread T_8, $push;
# The file index is used to find the file name in the following table.
:file_names 3;
    "N/A";
    "<interactive>";
    "circuit.v";
