#-----------------------------------------------------------
# Vivado v2019.2 (64-bit)
# SW Build 2708876 on Wed Nov  6 21:39:14 MST 2019
# IP Build 2700528 on Thu Nov  7 00:09:20 MST 2019
# Start of session at: Mon Dec 21 16:16:38 2020
# Process ID: 10379
# Current directory: /home/marcio/Documents/ecomp/laisaKNN/submodules/KNN/hardware/fpga/vivado/XC7K
# Command line: vivado -nojournal -log vivado.log -mode batch -source ../knn.tcl -tclargs iob_knn ../../../../hardware/src/knn.v ../../../../hardware/src/iob_knn.v ../../../../hardware/include ../../../../submodules/LIB/hardware/include ../../../../submodules/INTERCON/hardware/include  DATA_W=32 xc7a35tcpg236-1
# Log file: /home/marcio/Documents/ecomp/laisaKNN/submodules/KNN/hardware/fpga/vivado/XC7K/vivado.log
# Journal file: 
#-----------------------------------------------------------
source ../knn.tcl
# set TOP [lindex $argv 0]
# set PART [lindex $argv 4]
# set VSRC [lindex $argv 1]
# set HW_INCLUDE [lindex $argv 2]
# set HW_DEFINE [lindex $argv 3]
# puts $VSRC
../../../../hardware/src/knn.v ../../../../hardware/src/iob_knn.v
# foreach file [split $VSRC \ ] {
#     puts $file
#     if {$file != "" && $file != " " && $file != "\n"} {
#         read_verilog -sv $file
#     }
# }
../../../../hardware/src/knn.v
../../../../hardware/src/iob_knn.v
# set_property part $PART [current_project]
# synth_design -include_dirs $HW_INCLUDE -verilog_define $HW_DEFINE -part $PART -top $TOP -mode out_of_context -flatten_hierarchy none -verbose
Command: synth_design -include_dirs {../../../../hardware/include ../../../../submodules/LIB/hardware/include ../../../../submodules/INTERCON/hardware/include} -verilog_define DATA_W=32 -part xc7a35tcpg236-1 -top iob_knn -mode out_of_context -flatten_hierarchy none -verbose
Starting synth_design
Attempting to get a license for feature 'Synthesis' and/or device 'xc7a35t'
INFO: [Common 17-349] Got license for feature 'Synthesis' and/or device 'xc7a35t'
INFO: Launching helper process for spawning children vivado processes
INFO: Helper process launched with PID 10395 
ERROR: [Synth 8-2715] syntax error near + [/home/marcio/Documents/ecomp/laisaKNN/submodules/KNN/hardware/src/knn.v:49]
ERROR: [Synth 8-2715] syntax error near + [/home/marcio/Documents/ecomp/laisaKNN/submodules/KNN/hardware/src/knn.v:50]
ERROR: [Synth 8-2715] syntax error near 'b [/home/marcio/Documents/ecomp/laisaKNN/submodules/KNN/hardware/src/knn.v:56]
ERROR: [Synth 8-2715] syntax error near always [/home/marcio/Documents/ecomp/laisaKNN/submodules/KNN/hardware/src/knn.v:70]
ERROR: [Synth 8-2715] syntax error near if [/home/marcio/Documents/ecomp/laisaKNN/submodules/KNN/hardware/src/knn.v:71]
ERROR: [Synth 8-2715] syntax error near >> [/home/marcio/Documents/ecomp/laisaKNN/submodules/KNN/hardware/src/knn.v:72]
ERROR: [Synth 8-2715] syntax error near } [/home/marcio/Documents/ecomp/laisaKNN/submodules/KNN/hardware/src/knn.v:75]
ERROR: [Synth 8-1031] en is not declared [/home/marcio/Documents/ecomp/laisaKNN/submodules/KNN/hardware/src/knn.v:50]
ERROR: [Synth 8-1031] cnt1 is not declared [/home/marcio/Documents/ecomp/laisaKNN/submodules/KNN/hardware/src/knn.v:50]
ERROR: [Synth 8-1031] data_out is not declared [/home/marcio/Documents/ecomp/laisaKNN/submodules/KNN/hardware/src/knn.v:54]
ERROR: [Synth 8-1031] data_out is not declared [/home/marcio/Documents/ecomp/laisaKNN/submodules/KNN/hardware/src/knn.v:63]
ERROR: [Synth 8-1031] data_out is not declared [/home/marcio/Documents/ecomp/laisaKNN/submodules/KNN/hardware/src/knn.v:65]
ERROR: [Synth 8-1031] CLK is not declared [/home/marcio/Documents/ecomp/laisaKNN/submodules/KNN/hardware/src/knn.v:70]
ERROR: [Synth 8-1031] cnt_n is not declared [/home/marcio/Documents/ecomp/laisaKNN/submodules/KNN/hardware/src/knn.v:70]
ERROR: [Synth 8-1031] cnt_n is not declared [/home/marcio/Documents/ecomp/laisaKNN/submodules/KNN/hardware/src/knn.v:71]
ERROR: [Synth 8-1031] cnt_n is not declared [/home/marcio/Documents/ecomp/laisaKNN/submodules/KNN/hardware/src/knn.v:71]
ERROR: [Synth 8-1016] DATA_W is not a task [/home/marcio/Documents/ecomp/laisaKNN/submodules/KNN/hardware/src/knn.v:72]
INFO: [Synth 8-2350] module knn_core ignored due to previous errors [/home/marcio/Documents/ecomp/laisaKNN/submodules/KNN/hardware/src/knn.v:4]
Failed to read verilog '/home/marcio/Documents/ecomp/laisaKNN/submodules/KNN/hardware/src/knn.v'
INFO: [Common 17-83] Releasing license: Synthesis
3 Infos, 0 Warnings, 0 Critical Warnings and 18 Errors encountered.
synth_design failed
ERROR: [Common 17-69] Command failed: Vivado Synthesis failed
INFO: [Common 17-206] Exiting Vivado at Mon Dec 21 16:16:50 2020...
